<?xml version="1.0" encoding="UTF-8"?>
<!-- Generated by org.testng.reporters.JUnitXMLReporter -->
<testsuite hostname="Vibhors-MacBook-Pro.local" name="SmokeTest" tests="5" failures="0" timestamp="26 Nov 2017 09:10:10 GMT" time="55.62" errors="0">
  <testcase name="testIfImagePresentOnHomePage" time="0.32" classname="com.veterinarians.com.VeterinariansAppTests"/>
  <testcase name="testAllVeterinariansInApp" time="1.435" classname="com.veterinarians.com.VeterinariansAppTests"/>
  <testcase name="testAllOwnersInApp" time="1.156" classname="com.veterinarians.com.VeterinariansAppTests"/>
  <testcase name="testAddNewOwnerAndPet" time="5.94" classname="com.veterinarians.com.VeterinariansAppTests"/>
  <testcase name="testOwnerAndPetAddedDetails" time="1.253" classname="com.veterinarians.com.VeterinariansAppTests"/>
</testsuite> <!-- SmokeTest -->
